-------------------------------------------------------------------------------
Test set: com.luiz.a3.A3ApplicationTests
-------------------------------------------------------------------------------
Tests run: 1, Failures: 0, Errors: 1, Skipped: 0, Time elapsed: 6.601 s <<< FAILURE! - in com.luiz.a3.A3ApplicationTests
contextLoads  Time elapsed: 0.001 s  <<< ERROR!
java.lang.IllegalStateException: Failed to load ApplicationContext
Caused by: org.springframework.beans.factory.UnsatisfiedDependencyException: Error creating bean with name 'garcomController' defined in file [C:\Users\luizr\Desktop\a3-backend\target\classes\com\luiz\a3\controller\GarcomController.class]: Unsatisfied dependency expressed through constructor parameter 0; nested exception is org.springframework.beans.factory.UnsatisfiedDependencyException: Error creating bean with name 'mesaService' defined in file [C:\Users\luizr\Desktop\a3-backend\target\classes\com\luiz\a3\service\MesaService.class]: Unsatisfied dependency expressed through constructor parameter 1; nested exception is org.springframework.beans.factory.UnsatisfiedDependencyException: Error creating bean with name 'garcomService' defined in file [C:\Users\luizr\Desktop\a3-backend\target\classes\com\luiz\a3\service\GarcomService.class]: Unsatisfied dependency expressed through constructor parameter 2; nested exception is org.springframework.beans.factory.BeanCurrentlyInCreationException: Error creating bean with name 'mesaService': Requested bean is currently in creation: Is there an unresolvable circular reference?
Caused by: org.springframework.beans.factory.UnsatisfiedDependencyException: Error creating bean with name 'mesaService' defined in file [C:\Users\luizr\Desktop\a3-backend\target\classes\com\luiz\a3\service\MesaService.class]: Unsatisfied dependency expressed through constructor parameter 1; nested exception is org.springframework.beans.factory.UnsatisfiedDependencyException: Error creating bean with name 'garcomService' defined in file [C:\Users\luizr\Desktop\a3-backend\target\classes\com\luiz\a3\service\GarcomService.class]: Unsatisfied dependency expressed through constructor parameter 2; nested exception is org.springframework.beans.factory.BeanCurrentlyInCreationException: Error creating bean with name 'mesaService': Requested bean is currently in creation: Is there an unresolvable circular reference?
Caused by: org.springframework.beans.factory.UnsatisfiedDependencyException: Error creating bean with name 'garcomService' defined in file [C:\Users\luizr\Desktop\a3-backend\target\classes\com\luiz\a3\service\GarcomService.class]: Unsatisfied dependency expressed through constructor parameter 2; nested exception is org.springframework.beans.factory.BeanCurrentlyInCreationException: Error creating bean with name 'mesaService': Requested bean is currently in creation: Is there an unresolvable circular reference?
Caused by: org.springframework.beans.factory.BeanCurrentlyInCreationException: Error creating bean with name 'mesaService': Requested bean is currently in creation: Is there an unresolvable circular reference?

